#
# There is insufficient memory for the Java Runtime Environment to continue.
# Native memory allocation (malloc) failed to allocate 2141456 bytes for Chunk::new
# Possible reasons:
#   The system is out of physical RAM or swap space
#   The process is running with CompressedOops enabled, and the Java Heap may be blocking the growth of the native heap
# Possible solutions:
#   Reduce memory load on the system
#   Increase physical memory or swap space
#   Check if swap backing store is full
#   Decrease Java heap size (-Xmx/-Xms)
#   Decrease number of Java threads
#   Decrease Java thread stack sizes (-Xss)
#   Set larger code cache with -XX:ReservedCodeCacheSize=
#   JVM is running with Unscaled Compressed Oops mode in which the Java heap is
#     placed in the first 4GB address space. The Java Heap base address is the
#     maximum limit for the native heap growth. Please use -XX:HeapBaseMinAddress
#     to set the Java Heap base and to place the Java Heap above 4GB virtual address.
# This output file may be truncated or incomplete.
#
#  Out of Memory Error (./open/src/hotspot/share/memory/arena.cpp:197), pid=14852, tid=6860
#
# JRE version: Java(TM) SE Runtime Environment 18.9 (11.0.15+8) (build 11.0.15+8-LTS-149)
# Java VM: Java HotSpot(TM) 64-Bit Server VM 18.9 (11.0.15+8-LTS-149, mixed mode, tiered, compressed oops, g1 gc, windows-amd64)
# No core dump will be written. Minidumps are not enabled by default on client versions of Windows
#

---------------  S U M M A R Y ------------

Command Line: -XX:MaxMetaspaceSize=512m --add-opens=java.base/java.util=ALL-UNNAMED --add-opens=java.base/java.lang=ALL-UNNAMED --add-opens=java.base/java.lang.invoke=ALL-UNNAMED --add-opens=java.base/java.util=ALL-UNNAMED --add-opens=java.prefs/java.util.prefs=ALL-UNNAMED --add-opens=java.prefs/java.util.prefs=ALL-UNNAMED --add-opens=java.base/java.nio.charset=ALL-UNNAMED --add-opens=java.base/java.net=ALL-UNNAMED --add-opens=java.base/java.util.concurrent.atomic=ALL-UNNAMED -Xmx2048m -Dfile.encoding=windows-1255 -Duser.country=IL -Duser.language=iw -Duser.variant org.gradle.launcher.daemon.bootstrap.GradleDaemon 7.5.1

Host: Intel(R) Core(TM) i5-1035G1 CPU @ 1.00GHz, 8 cores, 7G,  Windows 10 , 64 bit Build 19041 (10.0.19041.3155)
Time: Mon Jul 31 16:09:53 2023 שעון קיץ ירושלים elapsed time: 4.796798 seconds (0d 0h 0m 4s)

---------------  T H R E A D  ---------------

Current thread (0x000001fcec10b800):  JavaThread "C2 CompilerThread0" daemon [_thread_in_native, id=6860, stack(0x000000f01ff00000,0x000000f020000000)]


Current CompileTask:
C2:   4796 2789       4       jdk.internal.loader.URLClassPath::getResource (74 bytes)

Stack: [0x000000f01ff00000,0x000000f020000000]
Native frames: (J=compiled Java code, j=interpreted, Vv=VM code, C=native code)
V  [jvm.dll+0x629d8a]
V  [jvm.dll+0x7638ff]
V  [jvm.dll+0x764fa9]
V  [jvm.dll+0x765633]
V  [jvm.dll+0x23d9c8]
V  [jvm.dll+0xb2a1c]
V  [jvm.dll+0xb2fdc]
V  [jvm.dll+0x341002]
V  [jvm.dll+0x30e9b3]
V  [jvm.dll+0x30dcfa]
V  [jvm.dll+0x1f8565]
V  [jvm.dll+0x1f774d]
V  [jvm.dll+0x177c51]
V  [jvm.dll+0x207026]
V  [jvm.dll+0x2051bb]
V  [jvm.dll+0x729820]
V  [jvm.dll+0x7223f4]
V  [jvm.dll+0x628c26]
C  [ucrtbase.dll+0x21bb2]
C  [KERNEL32.DLL+0x17614]
C  [ntdll.dll+0x526b1]


---------------  P R O C E S S  ---------------

Threads class SMR info:
_java_thread_list=0x000001fcefd94050, length=32, elements={
0x000001fccc123800, 0x000001fcec0e9800, 0x000001fcec0ed800, 0x000001fcec105000,
0x000001fcec108000, 0x000001fcec10a800, 0x000001fcec10b800, 0x000001fcec10d000,
0x000001fcec10e000, 0x000001fcecb0f800, 0x000001fceee4a000, 0x000001fcefbdc800,
0x000001fcee0ec800, 0x000001fcee5f6800, 0x000001fceee46800, 0x000001fcee405000,
0x000001fced923800, 0x000001fced8a6800, 0x000001fcef349800, 0x000001fcef2e3000,
0x000001fcef2e5800, 0x000001fcef2e6000, 0x000001fcef2e1800, 0x000001fcef2e4800,
0x000001fcef2e7000, 0x000001fcef2e8000, 0x000001fcef2e3800, 0x000001fcef2e2000,
0x000001fcefce8000, 0x000001fcefce4000, 0x000001fcefce6000, 0x000001fcef679800
}

Java Threads: ( => current thread )
  0x000001fccc123800 JavaThread "main" [_thread_blocked, id=19812, stack(0x000000f01f300000,0x000000f01f400000)]
  0x000001fcec0e9800 JavaThread "Reference Handler" daemon [_thread_blocked, id=16068, stack(0x000000f01fa00000,0x000000f01fb00000)]
  0x000001fcec0ed800 JavaThread "Finalizer" daemon [_thread_blocked, id=12988, stack(0x000000f01fb00000,0x000000f01fc00000)]
  0x000001fcec105000 JavaThread "Signal Dispatcher" daemon [_thread_blocked, id=12904, stack(0x000000f01fc00000,0x000000f01fd00000)]
  0x000001fcec108000 JavaThread "Attach Listener" daemon [_thread_blocked, id=15700, stack(0x000000f01fd00000,0x000000f01fe00000)]
  0x000001fcec10a800 JavaThread "Service Thread" daemon [_thread_blocked, id=19076, stack(0x000000f01fe00000,0x000000f01ff00000)]
=>0x000001fcec10b800 JavaThread "C2 CompilerThread0" daemon [_thread_in_native, id=6860, stack(0x000000f01ff00000,0x000000f020000000)]
  0x000001fcec10d000 JavaThread "C1 CompilerThread0" daemon [_thread_blocked, id=20412, stack(0x000000f020000000,0x000000f020100000)]
  0x000001fcec10e000 JavaThread "Sweeper thread" daemon [_thread_blocked, id=19328, stack(0x000000f020100000,0x000000f020200000)]
  0x000001fcecb0f800 JavaThread "Common-Cleaner" daemon [_thread_blocked, id=23400, stack(0x000000f020200000,0x000000f020300000)]
  0x000001fceee4a000 JavaThread "Daemon health stats" [_thread_blocked, id=16096, stack(0x000000f020700000,0x000000f020800000)]
  0x000001fcefbdc800 JavaThread "Incoming local TCP Connector on port 64157" [_thread_in_native, id=8944, stack(0x000000f020400000,0x000000f020500000)]
  0x000001fcee0ec800 JavaThread "Daemon periodic checks" [_thread_blocked, id=22276, stack(0x000000f020800000,0x000000f020900000)]
  0x000001fcee5f6800 JavaThread "Daemon" [_thread_blocked, id=18768, stack(0x000000f020900000,0x000000f020a00000)]
  0x000001fceee46800 JavaThread "Handler for socket connection from /127.0.0.1:64157 to /127.0.0.1:64158" [_thread_in_native, id=22280, stack(0x000000f020a00000,0x000000f020b00000)]
  0x000001fcee405000 JavaThread "Cancel handler" [_thread_blocked, id=3236, stack(0x000000f020b00000,0x000000f020c00000)]
  0x000001fced923800 JavaThread "Daemon worker" [_thread_blocked, id=22744, stack(0x000000f020c00000,0x000000f020d00000)]
  0x000001fced8a6800 JavaThread "Asynchronous log dispatcher for DefaultDaemonConnection: socket connection from /127.0.0.1:64157 to /127.0.0.1:64158" [_thread_blocked, id=8672, stack(0x000000f020d00000,0x000000f020e00000)]
  0x000001fcef349800 JavaThread "Stdin handler" [_thread_blocked, id=9372, stack(0x000000f020e00000,0x000000f020f00000)]
  0x000001fcef2e3000 JavaThread "Daemon client event forwarder" [_thread_blocked, id=22456, stack(0x000000f020f00000,0x000000f021000000)]
  0x000001fcef2e5800 JavaThread "Cache worker for journal cache (C:\Users\eitan\.gradle\caches\journal-1)" [_thread_blocked, id=22580, stack(0x000000f021500000,0x000000f021600000)]
  0x000001fcef2e6000 JavaThread "File lock request listener" [_thread_in_native, id=14984, stack(0x000000f021600000,0x000000f021700000)]
  0x000001fcef2e1800 JavaThread "Cache worker for file hash cache (C:\Users\eitan\.gradle\caches\7.5.1\fileHashes)" [_thread_blocked, id=18712, stack(0x000000f021700000,0x000000f021800000)]
  0x000001fcef2e4800 JavaThread "File watcher server" daemon [_thread_in_native, id=14148, stack(0x000000f021a00000,0x000000f021b00000)]
  0x000001fcef2e7000 JavaThread "File watcher consumer" daemon [_thread_blocked, id=17664, stack(0x000000f021b00000,0x000000f021c00000)]
  0x000001fcef2e8000 JavaThread "Cache worker for checksums cache (C:\Users\eitan\Desktop\final_project\RideWithMe\android\.gradle\7.5.1\checksums)" [_thread_blocked, id=1592, stack(0x000000f021c00000,0x000000f021d00000)]
  0x000001fcef2e3800 JavaThread "Cache worker for cache directory md-rule (C:\Users\eitan\.gradle\caches\7.5.1\md-rule)" [_thread_blocked, id=19176, stack(0x000000f021d00000,0x000000f021e00000)]
  0x000001fcef2e2000 JavaThread "Cache worker for file content cache (C:\Users\eitan\.gradle\caches\7.5.1\fileContent)" [_thread_blocked, id=12496, stack(0x000000f021e00000,0x000000f021f00000)]
  0x000001fcefce8000 JavaThread "Cache worker for file hash cache (C:\Users\eitan\Desktop\final_project\RideWithMe\android\.gradle\7.5.1\fileHashes)" [_thread_blocked, id=19220, stack(0x000000f021f00000,0x000000f022000000)]
  0x000001fcefce4000 JavaThread "Cache worker for cache directory md-supplier (C:\Users\eitan\.gradle\caches\7.5.1\md-supplier)" [_thread_blocked, id=21712, stack(0x000000f022000000,0x000000f022100000)]
  0x000001fcefce6000 JavaThread "Cache worker for execution history cache (C:\Users\eitan\.gradle\caches\7.5.1\executionHistory)" [_thread_blocked, id=3640, stack(0x000000f022100000,0x000000f022200000)]
  0x000001fcef679800 JavaThread "C2 CompilerThread1" daemon [_thread_in_native, id=11012, stack(0x000000f021900000,0x000000f021a00000)]

Other Threads:
  0x000001fcec0e6800 VMThread "VM Thread" [stack: 0x000000f01f900000,0x000000f01fa00000] [id=17052]
  0x000001fcecb48800 WatcherThread [stack: 0x000000f020300000,0x000000f020400000] [id=19408]
  0x000001fccc138000 GCTaskThread "GC Thread#0" [stack: 0x000000f01f400000,0x000000f01f500000] [id=18108]
  0x000001fcecf87000 GCTaskThread "GC Thread#1" [stack: 0x000000f020500000,0x000000f020600000] [id=17948]
  0x000001fcee2a3000 GCTaskThread "GC Thread#2" [stack: 0x000000f020600000,0x000000f020700000] [id=6296]
  0x000001fcee383800 GCTaskThread "GC Thread#3" [stack: 0x000000f021000000,0x000000f021100000] [id=12936]
  0x000001fceea28800 GCTaskThread "GC Thread#4" [stack: 0x000000f021100000,0x000000f021200000] [id=15696]
  0x000001fceec42000 GCTaskThread "GC Thread#5" [stack: 0x000000f021200000,0x000000f021300000] [id=16580]
  0x000001fcef4cc000 GCTaskThread "GC Thread#6" [stack: 0x000000f021300000,0x000000f021400000] [id=16248]
  0x000001fced95f800 GCTaskThread "GC Thread#7" [stack: 0x000000f021400000,0x000000f021500000] [id=1684]
  0x000001fccc167000 ConcurrentGCThread "G1 Main Marker" [stack: 0x000000f01f500000,0x000000f01f600000] [id=3604]
  0x000001fccc168800 ConcurrentGCThread "G1 Conc#0" [stack: 0x000000f01f600000,0x000000f01f700000] [id=22388]
  0x000001fcef420800 ConcurrentGCThread "G1 Conc#1" [stack: 0x000000f021800000,0x000000f021900000] [id=23132]
  0x000001fcebf68800 ConcurrentGCThread "G1 Refine#0" [stack: 0x000000f01f700000,0x000000f01f800000] [id=1880]
  0x000001fcebf6a000 ConcurrentGCThread "G1 Young RemSet Sampling" [stack: 0x000000f01f800000,0x000000f01f900000] [id=18400]

Threads with active compile tasks:
C2 CompilerThread0   4835 2789       4       jdk.internal.loader.URLClassPath::getResource (74 bytes)
C2 CompilerThread1   4835 2842       4       java.util.AbstractCollection::addAll (42 bytes)

VM state:at safepoint (normal execution)

VM Mutex/Monitor currently owned by a thread:  ([mutex/lock_event])
[0x000001fccc11fbc0] Threads_lock - owner thread: 0x000001fcec0e6800
[0x000001fccc11f6b0] Heap_lock - owner thread: 0x000001fced923800

Heap address: 0x0000000080000000, size: 2048 MB, Compressed Oops mode: 32-bit
Narrow klass base: 0x0000000000000000, Narrow klass shift: 3
Compressed class space size: 528482304 Address: 0x0000000100000000

Heap:
 garbage-first heap   total 129024K, used 82065K [0x0000000080000000, 0x0000000100000000)
  region size 1024K, 68 young (69632K), 7 survivors (7168K)
 Metaspace       used 34776K, capacity 35624K, committed 35708K, reserved 548864K
  class space    used 4548K, capacity 4864K, committed 4864K, reserved 516096K
Heap Regions: E=young(eden), S=young(survivor), O=old, HS=humongous(starts), HC=humongous(continues), CS=collection set, F=free, A=archive, TAMS=top-at-mark-start (previous, next)
|   0|0x0000000080000000, 0x0000000080100000, 0x0000000080100000|100%| O|  |TAMS 0x0000000080100000, 0x0000000080100000| Untracked 
|   1|0x0000000080100000, 0x0000000080200000, 0x0000000080200000|100%| O|  |TAMS 0x0000000080200000, 0x0000000080200000| Untracked 
|   2|0x0000000080200000, 0x0000000080300000, 0x0000000080300000|100%| O|  |TAMS 0x0000000080300000, 0x0000000080300000| Untracked 
|   3|0x0000000080300000, 0x0000000080400000, 0x0000000080400000|100%|HS|  |TAMS 0x0000000080400000, 0x0000000080400000| Complete 
|   4|0x0000000080400000, 0x0000000080500000, 0x0000000080500000|100%|HC|  |TAMS 0x0000000080500000, 0x0000000080500000| Complete 
|   5|0x0000000080500000, 0x0000000080600000, 0x0000000080600000|100%|HC|  |TAMS 0x0000000080600000, 0x0000000080600000| Complete 
|   6|0x0000000080600000, 0x0000000080700000, 0x0000000080700000|100%| O|  |TAMS 0x0000000080700000, 0x0000000080700000| Untracked 
|   7|0x0000000080700000, 0x0000000080800000, 0x0000000080800000|100%| O|  |TAMS 0x0000000080800000, 0x0000000080800000| Untracked 
|   8|0x0000000080800000, 0x0000000080900000, 0x0000000080900000|100%| O|  |TAMS 0x0000000080900000, 0x0000000080900000| Untracked 
|   9|0x0000000080900000, 0x0000000080a00000, 0x0000000080a00000|100%| O|  |TAMS 0x0000000080a00000, 0x0000000080a00000| Untracked 
|  10|0x0000000080a00000, 0x0000000080b00000, 0x0000000080b00000|100%| O|  |TAMS 0x0000000080b00000, 0x0000000080b00000| Untracked 
|  11|0x0000000080b00000, 0x0000000080c00000, 0x0000000080c00000|100%| O|  |TAMS 0x0000000080c00000, 0x0000000080c00000| Untracked 
|  12|0x0000000080c00000, 0x0000000080d00000, 0x0000000080d00000|100%| O|  |TAMS 0x0000000080d00000, 0x0000000080d00000| Untracked 
|  13|0x0000000080d00000, 0x0000000080e00000, 0x0000000080e00000|100%| O|  |TAMS 0x0000000080e00000, 0x0000000080e00000| Untracked 
|  14|0x0000000080e00000, 0x0000000080f00000, 0x0000000080f00000|100%| O|  |TAMS 0x0000000080f00000, 0x0000000080f00000| Untracked 
|  15|0x0000000080f00000, 0x0000000081000000, 0x0000000081000000|100%| O|  |TAMS 0x0000000081000000, 0x0000000081000000| Untracked 
|  16|0x0000000081000000, 0x000000008102f200, 0x0000000081100000| 18%| O|  |TAMS 0x000000008102f200, 0x0000000081100000| Untracked 
|  17|0x0000000081100000, 0x0000000081100000, 0x0000000081200000|  0%| F|  |TAMS 0x0000000081100000, 0x0000000081100000| Untracked 
|  18|0x0000000081200000, 0x0000000081200000, 0x0000000081300000|  0%| F|  |TAMS 0x0000000081200000, 0x0000000081200000| Untracked 
|  19|0x0000000081300000, 0x0000000081300000, 0x0000000081400000|  0%| F|  |TAMS 0x0000000081300000, 0x0000000081300000| Untracked 
|  20|0x0000000081400000, 0x0000000081400000, 0x0000000081500000|  0%| F|  |TAMS 0x0000000081400000, 0x0000000081400000| Untracked 
|  21|0x0000000081500000, 0x0000000081500000, 0x0000000081600000|  0%| F|  |TAMS 0x0000000081500000, 0x0000000081500000| Untracked 
|  22|0x0000000081600000, 0x0000000081600000, 0x0000000081700000|  0%| F|  |TAMS 0x0000000081600000, 0x0000000081600000| Untracked 
|  23|0x0000000081700000, 0x0000000081700000, 0x0000000081800000|  0%| F|  |TAMS 0x0000000081700000, 0x0000000081700000| Untracked 
|  24|0x0000000081800000, 0x0000000081800000, 0x0000000081900000|  0%| F|  |TAMS 0x0000000081800000, 0x0000000081800000| Untracked 
|  25|0x0000000081900000, 0x0000000081900000, 0x0000000081a00000|  0%| F|  |TAMS 0x0000000081900000, 0x0000000081900000| Untracked 
|  26|0x0000000081a00000, 0x0000000081a00000, 0x0000000081b00000|  0%| F|  |TAMS 0x0000000081a00000, 0x0000000081a00000| Untracked 
|  27|0x0000000081b00000, 0x0000000081b00000, 0x0000000081c00000|  0%| F|  |TAMS 0x0000000081b00000, 0x0000000081b00000| Untracked 
|  28|0x0000000081c00000, 0x0000000081c00000, 0x0000000081d00000|  0%| F|  |TAMS 0x0000000081c00000, 0x0000000081c00000| Untracked 
|  29|0x0000000081d00000, 0x0000000081d00000, 0x0000000081e00000|  0%| F|  |TAMS 0x0000000081d00000, 0x0000000081d00000| Untracked 
|  30|0x0000000081e00000, 0x0000000081e00000, 0x0000000081f00000|  0%| F|  |TAMS 0x0000000081e00000, 0x0000000081e00000| Untracked 
|  31|0x0000000081f00000, 0x0000000081f00000, 0x0000000082000000|  0%| F|  |TAMS 0x0000000081f00000, 0x0000000081f00000| Untracked 
|  32|0x0000000082000000, 0x0000000082000000, 0x0000000082100000|  0%| F|  |TAMS 0x0000000082000000, 0x0000000082000000| Untracked 
|  33|0x0000000082100000, 0x0000000082100000, 0x0000000082200000|  0%| F|  |TAMS 0x0000000082100000, 0x0000000082100000| Untracked 
|  34|0x0000000082200000, 0x0000000082200000, 0x0000000082300000|  0%| F|  |TAMS 0x0000000082200000, 0x0000000082200000| Untracked 
|  35|0x0000000082300000, 0x0000000082300000, 0x0000000082400000|  0%| F|  |TAMS 0x0000000082300000, 0x0000000082300000| Untracked 
|  36|0x0000000082400000, 0x0000000082400000, 0x0000000082500000|  0%| F|  |TAMS 0x0000000082400000, 0x0000000082400000| Untracked 
|  37|0x0000000082500000, 0x0000000082500000, 0x0000000082600000|  0%| F|  |TAMS 0x0000000082500000, 0x0000000082500000| Untracked 
|  38|0x0000000082600000, 0x0000000082600000, 0x0000000082700000|  0%| F|  |TAMS 0x0000000082600000, 0x0000000082600000| Untracked 
|  39|0x0000000082700000, 0x0000000082700000, 0x0000000082800000|  0%| F|  |TAMS 0x0000000082700000, 0x0000000082700000| Untracked 
|  40|0x0000000082800000, 0x0000000082800000, 0x0000000082900000|  0%| F|  |TAMS 0x0000000082800000, 0x0000000082800000| Untracked 
|  41|0x0000000082900000, 0x0000000082900000, 0x0000000082a00000|  0%| F|  |TAMS 0x0000000082900000, 0x0000000082900000| Untracked 
|  42|0x0000000082a00000, 0x0000000082a00000, 0x0000000082b00000|  0%| F|  |TAMS 0x0000000082a00000, 0x0000000082a00000| Untracked 
|  43|0x0000000082b00000, 0x0000000082b00000, 0x0000000082c00000|  0%| F|  |TAMS 0x0000000082b00000, 0x0000000082b00000| Untracked 
|  44|0x0000000082c00000, 0x0000000082c00000, 0x0000000082d00000|  0%| F|  |TAMS 0x0000000082c00000, 0x0000000082c00000| Untracked 
|  45|0x0000000082d00000, 0x0000000082d00000, 0x0000000082e00000|  0%| F|  |TAMS 0x0000000082d00000, 0x0000000082d00000| Untracked 
|  46|0x0000000082e00000, 0x0000000082e00000, 0x0000000082f00000|  0%| F|  |TAMS 0x0000000082e00000, 0x0000000082e00000| Untracked 
|  47|0x0000000082f00000, 0x0000000082f00000, 0x0000000083000000|  0%| F|  |TAMS 0x0000000082f00000, 0x0000000082f00000| Untracked 
|  48|0x0000000083000000, 0x0000000083000000, 0x0000000083100000|  0%| F|  |TAMS 0x0000000083000000, 0x0000000083000000| Untracked 
|  49|0x0000000083100000, 0x0000000083100000, 0x0000000083200000|  0%| F|  |TAMS 0x0000000083100000, 0x0000000083100000| Untracked 
|  50|0x0000000083200000, 0x0000000083200000, 0x0000000083300000|  0%| F|  |TAMS 0x0000000083200000, 0x0000000083200000| Untracked 
|  51|0x0000000083300000, 0x0000000083300000, 0x0000000083400000|  0%| F|  |TAMS 0x0000000083300000, 0x0000000083300000| Untracked 
|  52|0x0000000083400000, 0x0000000083400000, 0x0000000083500000|  0%| F|  |TAMS 0x0000000083400000, 0x0000000083400000| Untracked 
|  53|0x0000000083500000, 0x0000000083500000, 0x0000000083600000|  0%| F|  |TAMS 0x0000000083500000, 0x0000000083500000| Untracked 
|  54|0x0000000083600000, 0x0000000083600000, 0x0000000083700000|  0%| F|  |TAMS 0x0000000083600000, 0x0000000083600000| Untracked 
|  55|0x0000000083700000, 0x000000008374ac68, 0x0000000083800000| 29%| S|CS|TAMS 0x0000000083700000, 0x0000000083700000| Complete 
|  56|0x0000000083800000, 0x0000000083900000, 0x0000000083900000|100%| S|CS|TAMS 0x0000000083800000, 0x0000000083800000| Complete 
|  57|0x0000000083900000, 0x0000000083a00000, 0x0000000083a00000|100%| S|CS|TAMS 0x0000000083900000, 0x0000000083900000| Complete 
|  58|0x0000000083a00000, 0x0000000083b00000, 0x0000000083b00000|100%| S|CS|TAMS 0x0000000083a00000, 0x0000000083a00000| Complete 
|  59|0x0000000083b00000, 0x0000000083c00000, 0x0000000083c00000|100%| S|CS|TAMS 0x0000000083b00000, 0x0000000083b00000| Complete 
|  60|0x0000000083c00000, 0x0000000083d00000, 0x0000000083d00000|100%| S|CS|TAMS 0x0000000083c00000, 0x0000000083c00000| Complete 
|  61|0x0000000083d00000, 0x0000000083e00000, 0x0000000083e00000|100%| S|CS|TAMS 0x0000000083d00000, 0x0000000083d00000| Complete 
|  62|0x0000000083e00000, 0x0000000083e00000, 0x0000000083f00000|  0%| F|  |TAMS 0x0000000083e00000, 0x0000000083e00000| Untracked 
|  63|0x0000000083f00000, 0x0000000083f00000, 0x0000000084000000|  0%| F|  |TAMS 0x0000000083f00000, 0x0000000083f00000| Untracked 
|  64|0x0000000084000000, 0x0000000084000000, 0x0000000084100000|  0%| F|  |TAMS 0x0000000084000000, 0x0000000084000000| Untracked 
|  65|0x0000000084100000, 0x0000000084100000, 0x0000000084200000|  0%| F|  |TAMS 0x0000000084100000, 0x0000000084100000| Untracked 
|  66|0x0000000084200000, 0x0000000084200000, 0x0000000084300000|  0%| F|  |TAMS 0x0000000084200000, 0x0000000084200000| Untracked 
|  67|0x0000000084300000, 0x0000000084300000, 0x0000000084400000|  0%| F|  |TAMS 0x0000000084300000, 0x0000000084300000| Untracked 
|  68|0x0000000084400000, 0x0000000084400000, 0x0000000084500000|  0%| F|  |TAMS 0x0000000084400000, 0x0000000084400000| Untracked 
|  69|0x0000000084500000, 0x0000000084500000, 0x0000000084600000|  0%| F|  |TAMS 0x0000000084500000, 0x0000000084500000| Untracked 
|  70|0x0000000084600000, 0x0000000084600000, 0x0000000084700000|  0%| F|  |TAMS 0x0000000084600000, 0x0000000084600000| Untracked 
|  71|0x0000000084700000, 0x0000000084700000, 0x0000000084800000|  0%| F|  |TAMS 0x0000000084700000, 0x0000000084700000| Untracked 
|  72|0x0000000084800000, 0x0000000084800000, 0x0000000084900000|  0%| F|  |TAMS 0x0000000084800000, 0x0000000084800000| Untracked 
|  73|0x0000000084900000, 0x0000000084900000, 0x0000000084a00000|  0%| F|  |TAMS 0x0000000084900000, 0x0000000084900000| Untracked 
|  74|0x0000000084a00000, 0x0000000084a00000, 0x0000000084b00000|  0%| F|  |TAMS 0x0000000084a00000, 0x0000000084a00000| Untracked 
|  75|0x0000000084b00000, 0x0000000084b00000, 0x0000000084c00000|  0%| F|  |TAMS 0x0000000084b00000, 0x0000000084b00000| Untracked 
|  76|0x0000000084c00000, 0x0000000084c00000, 0x0000000084d00000|  0%| F|  |TAMS 0x0000000084c00000, 0x0000000084c00000| Untracked 
|  77|0x0000000084d00000, 0x0000000084d00000, 0x0000000084e00000|  0%| F|  |TAMS 0x0000000084d00000, 0x0000000084d00000| Untracked 
|  78|0x0000000084e00000, 0x0000000084e00000, 0x0000000084f00000|  0%| F|  |TAMS 0x0000000084e00000, 0x0000000084e00000| Untracked 
|  79|0x0000000084f00000, 0x0000000084f00000, 0x0000000085000000|  0%| F|  |TAMS 0x0000000084f00000, 0x0000000084f00000| Untracked 
|  80|0x0000000085000000, 0x0000000085000000, 0x0000000085100000|  0%| F|  |TAMS 0x0000000085000000, 0x0000000085000000| Untracked 
|  81|0x0000000085100000, 0x0000000085100000, 0x0000000085200000|  0%| F|  |TAMS 0x0000000085100000, 0x0000000085100000| Untracked 
|  82|0x0000000085200000, 0x0000000085200000, 0x0000000085300000|  0%| F|  |TAMS 0x0000000085200000, 0x0000000085200000| Untracked 
|  83|0x0000000085300000, 0x0000000085300000, 0x0000000085400000|  0%| F|  |TAMS 0x0000000085300000, 0x0000000085300000| Untracked 
|  84|0x0000000085400000, 0x0000000085400000, 0x0000000085500000|  0%| F|  |TAMS 0x0000000085400000, 0x0000000085400000| Untracked 
|  85|0x0000000085500000, 0x0000000085500000, 0x0000000085600000|  0%| F|  |TAMS 0x0000000085500000, 0x0000000085500000| Untracked 
|  86|0x0000000085600000, 0x0000000085600000, 0x0000000085700000|  0%| F|  |TAMS 0x0000000085600000, 0x0000000085600000| Untracked 
|  87|0x0000000085700000, 0x0000000085700000, 0x0000000085800000|  0%| F|  |TAMS 0x0000000085700000, 0x0000000085700000| Untracked 
|  88|0x0000000085800000, 0x0000000085800000, 0x0000000085900000|  0%| F|  |TAMS 0x0000000085800000, 0x0000000085800000| Untracked 
|  89|0x0000000085900000, 0x0000000085900000, 0x0000000085a00000|  0%| F|  |TAMS 0x0000000085900000, 0x0000000085900000| Untracked 
|  90|0x0000000085a00000, 0x0000000085a00000, 0x0000000085b00000|  0%| F|  |TAMS 0x0000000085a00000, 0x0000000085a00000| Untracked 
|  91|0x0000000085b00000, 0x0000000085b00000, 0x0000000085c00000|  0%| F|  |TAMS 0x0000000085b00000, 0x0000000085b00000| Untracked 
|  92|0x0000000085c00000, 0x0000000085c00000, 0x0000000085d00000|  0%| F|  |TAMS 0x0000000085c00000, 0x0000000085c00000| Untracked 
|  93|0x0000000085d00000, 0x0000000085d00000, 0x0000000085e00000|  0%| F|  |TAMS 0x0000000085d00000, 0x0000000085d00000| Untracked 
|  94|0x0000000085e00000, 0x0000000085e00000, 0x0000000085f00000|  0%| F|  |TAMS 0x0000000085e00000, 0x0000000085e00000| Untracked 
|  95|0x0000000085f00000, 0x0000000085f00000, 0x0000000086000000|  0%| F|  |TAMS 0x0000000085f00000, 0x0000000085f00000| Untracked 
|  96|0x0000000086000000, 0x0000000086000000, 0x0000000086100000|  0%| F|  |TAMS 0x0000000086000000, 0x0000000086000000| Untracked 
|  97|0x0000000086100000, 0x0000000086100000, 0x0000000086200000|  0%| F|  |TAMS 0x0000000086100000, 0x0000000086100000| Untracked 
|  98|0x0000000086200000, 0x0000000086200000, 0x0000000086300000|  0%| F|  |TAMS 0x0000000086200000, 0x0000000086200000| Untracked 
|  99|0x0000000086300000, 0x0000000086300000, 0x0000000086400000|  0%| F|  |TAMS 0x0000000086300000, 0x0000000086300000| Untracked 
| 100|0x0000000086400000, 0x0000000086400000, 0x0000000086500000|  0%| F|  |TAMS 0x0000000086400000, 0x0000000086400000| Untracked 
| 101|0x0000000086500000, 0x0000000086500000, 0x0000000086600000|  0%| F|  |TAMS 0x0000000086500000, 0x0000000086500000| Untracked 
| 102|0x0000000086600000, 0x0000000086600000, 0x0000000086700000|  0%| F|  |TAMS 0x0000000086600000, 0x0000000086600000| Untracked 
| 103|0x0000000086700000, 0x0000000086700000, 0x0000000086800000|  0%| F|  |TAMS 0x0000000086700000, 0x0000000086700000| Untracked 
| 104|0x0000000086800000, 0x0000000086800000, 0x0000000086900000|  0%| F|  |TAMS 0x0000000086800000, 0x0000000086800000| Untracked 
| 105|0x0000000086900000, 0x0000000086900000, 0x0000000086a00000|  0%| F|  |TAMS 0x0000000086900000, 0x0000000086900000| Untracked 
| 106|0x0000000086a00000, 0x0000000086a00000, 0x0000000086b00000|  0%| F|  |TAMS 0x0000000086a00000, 0x0000000086a00000| Untracked 
| 107|0x0000000086b00000, 0x0000000086b00000, 0x0000000086c00000|  0%| F|  |TAMS 0x0000000086b00000, 0x0000000086b00000| Untracked 
| 108|0x0000000086c00000, 0x0000000086c00000, 0x0000000086d00000|  0%| F|  |TAMS 0x0000000086c00000, 0x0000000086c00000| Untracked 
| 109|0x0000000086d00000, 0x0000000086d00000, 0x0000000086e00000|  0%| F|  |TAMS 0x0000000086d00000, 0x0000000086d00000| Untracked 
| 110|0x0000000086e00000, 0x0000000086e00000, 0x0000000086f00000|  0%| F|  |TAMS 0x0000000086e00000, 0x0000000086e00000| Untracked 
| 111|0x0000000086f00000, 0x0000000086f00000, 0x0000000087000000|  0%| F|  |TAMS 0x0000000086f00000, 0x0000000086f00000| Untracked 
| 112|0x0000000087000000, 0x0000000087000000, 0x0000000087100000|  0%| F|  |TAMS 0x0000000087000000, 0x0000000087000000| Untracked 
| 113|0x0000000087100000, 0x0000000087100000, 0x0000000087200000|  0%| F|  |TAMS 0x0000000087100000, 0x0000000087100000| Untracked 
| 114|0x0000000087200000, 0x0000000087200000, 0x0000000087300000|  0%| F|  |TAMS 0x0000000087200000, 0x0000000087200000| Untracked 
| 115|0x0000000087300000, 0x0000000087300000, 0x0000000087400000|  0%| F|  |TAMS 0x0000000087300000, 0x0000000087300000| Untracked 
| 116|0x0000000087400000, 0x0000000087400000, 0x0000000087500000|  0%| F|  |TAMS 0x0000000087400000, 0x0000000087400000| Untracked 
| 117|0x0000000087500000, 0x0000000087500000, 0x0000000087600000|  0%| F|  |TAMS 0x0000000087500000, 0x0000000087500000| Untracked 
| 118|0x0000000087600000, 0x0000000087600000, 0x0000000087700000|  0%| F|  |TAMS 0x0000000087600000, 0x0000000087600000| Untracked 
| 119|0x0000000087700000, 0x0000000087700000, 0x0000000087800000|  0%| F|  |TAMS 0x0000000087700000, 0x0000000087700000| Untracked 
| 120|0x0000000087800000, 0x0000000087800000, 0x0000000087900000|  0%| F|  |TAMS 0x0000000087800000, 0x0000000087800000| Untracked 
| 121|0x0000000087900000, 0x0000000087900000, 0x0000000087a00000|  0%| F|  |TAMS 0x0000000087900000, 0x0000000087900000| Untracked 
| 122|0x0000000087a00000, 0x0000000087a00000, 0x0000000087b00000|  0%| F|  |TAMS 0x0000000087a00000, 0x0000000087a00000| Untracked 
| 123|0x0000000087b00000, 0x0000000087b00000, 0x0000000087c00000|  0%| F|  |TAMS 0x0000000087b00000, 0x0000000087b00000| Untracked 
| 124|0x0000000087c00000, 0x0000000087c00000, 0x0000000087d00000|  0%| F|  |TAMS 0x0000000087c00000, 0x0000000087c00000| Untracked 
| 125|0x0000000087d00000, 0x0000000087d80000, 0x0000000087e00000| 50%| E|  |TAMS 0x0000000087d00000, 0x0000000087d00000| Complete 

Card table byte_map: [0x000001fce4e10000,0x000001fce5210000] _byte_map_base: 0x000001fce4a10000

Marking Bits (Prev, Next): (CMBitMap*) 0x000001fccc15e660, (CMBitMap*) 0x000001fccc15e628
 Prev Bits: [0x000001fce7610000, 0x000001fce9610000)
 Next Bits: [0x000001fce5610000, 0x000001fce7610000)

Polling page: 0x000001fccc200000

Metaspace:

Usage:
  Non-class:     30.05 MB capacity,    29.54 MB ( 98%) used,   448.90 KB (  1%) free+waste,    75.94 KB ( <1%) overhead. 
      Class:      4.76 MB capacity,     4.45 MB ( 93%) used,   280.24 KB (  6%) free+waste,    38.69 KB ( <1%) overhead. 
       Both:     34.81 MB capacity,    33.98 MB ( 98%) used,   729.14 KB (  2%) free+waste,   114.63 KB ( <1%) overhead. 

Virtual space:
  Non-class space:       32.00 MB reserved,      30.12 MB ( 94%) committed 
      Class space:      504.00 MB reserved,       4.88 MB ( <1%) committed 
             Both:      536.00 MB reserved,      35.00 MB (  7%) committed 

Chunk freelists:
   Non-Class:  0 bytes
       Class:  0 bytes
        Both:  0 bytes

CodeHeap 'non-profiled nmethods': size=120000Kb used=1451Kb max_used=1451Kb free=118548Kb
 bounds [0x000001fcdca80000, 0x000001fcdccf0000, 0x000001fce3fb0000]
CodeHeap 'profiled nmethods': size=120000Kb used=5990Kb max_used=5990Kb free=114009Kb
 bounds [0x000001fcd5550000, 0x000001fcd5b30000, 0x000001fcdca80000]
CodeHeap 'non-nmethods': size=5760Kb used=1186Kb max_used=1255Kb free=4573Kb
 bounds [0x000001fcd4fb0000, 0x000001fcd5220000, 0x000001fcd5550000]
 total_blobs=3406 nmethods=2883 adapters=434
 compilation: enabled
              stopped_count=0, restarted_count=0
 full_count=0

Compilation events (10 events):
Event: 4.783 Thread 0x000001fcec10d000 2859       3       jdk.internal.org.objectweb.asm.MethodVisitor::visitMethodInsn (68 bytes)
Event: 4.784 Thread 0x000001fcec10d000 nmethod 2859 0x000001fcd5b15590 code [0x000001fcd5b15760, 0x000001fcd5b15ba8]
Event: 4.784 Thread 0x000001fcec10d000 2861       1       java.lang.invoke.MethodHandle::internalForm (5 bytes)
Event: 4.784 Thread 0x000001fcec10d000 nmethod 2861 0x000001fcdcbe9410 code [0x000001fcdcbe95a0, 0x000001fcdcbe9658]
Event: 4.784 Thread 0x000001fcec10d000 2863       3       java.lang.Throwable::<init> (34 bytes)
Event: 4.785 Thread 0x000001fcec10d000 nmethod 2863 0x000001fcd5b15d10 code [0x000001fcd5b15ee0, 0x000001fcd5b162a8]
Event: 4.787 Thread 0x000001fcec10d000 2864       3       jdk.internal.org.objectweb.asm.FieldWriter::visitEnd (1 bytes)
Event: 4.787 Thread 0x000001fcec10d000 nmethod 2864 0x000001fcd5b16390 code [0x000001fcd5b16520, 0x000001fcd5b16618]
Event: 4.792 Thread 0x000001fcec10d000 2865       3       jdk.internal.org.objectweb.asm.FieldVisitor::<init> (35 bytes)
Event: 4.792 Thread 0x000001fcec10d000 nmethod 2865 0x000001fcd5b16690 code [0x000001fcd5b16840, 0x000001fcd5b16b28]

GC Heap History (8 events):
Event: 0.722 GC heap before
{Heap before GC invocations=0 (full 0):
 garbage-first heap   total 129024K, used 29696K [0x0000000080000000, 0x0000000100000000)
  region size 1024K, 24 young (24576K), 0 survivors (0K)
 Metaspace       used 9899K, capacity 10203K, committed 10368K, reserved 526336K
  class space    used 1024K, capacity 1105K, committed 1152K, reserved 516096K
}
Event: 0.728 GC heap after
{Heap after GC invocations=1 (full 0):
 garbage-first heap   total 129024K, used 9850K [0x0000000080000000, 0x0000000100000000)
  region size 1024K, 3 young (3072K), 3 survivors (3072K)
 Metaspace       used 9899K, capacity 10203K, committed 10368K, reserved 526336K
  class space    used 1024K, capacity 1105K, committed 1152K, reserved 516096K
}
Event: 2.736 GC heap before
{Heap before GC invocations=1 (full 0):
 garbage-first heap   total 129024K, used 84602K [0x0000000080000000, 0x0000000100000000)
  region size 1024K, 75 young (76800K), 3 survivors (3072K)
 Metaspace       used 17583K, capacity 18004K, committed 18176K, reserved 532480K
  class space    used 2091K, capacity 2243K, committed 2304K, reserved 516096K
}
Event: 2.743 GC heap after
{Heap after GC invocations=2 (full 0):
 garbage-first heap   total 129024K, used 16407K [0x0000000080000000, 0x0000000100000000)
  region size 1024K, 10 young (10240K), 10 survivors (10240K)
 Metaspace       used 17583K, capacity 18004K, committed 18176K, reserved 532480K
  class space    used 2091K, capacity 2243K, committed 2304K, reserved 516096K
}
Event: 2.996 GC heap before
{Heap before GC invocations=2 (full 0):
 garbage-first heap   total 129024K, used 37911K [0x0000000080000000, 0x0000000100000000)
  region size 1024K, 32 young (32768K), 10 survivors (10240K)
 Metaspace       used 20533K, capacity 21114K, committed 21296K, reserved 536576K
  class space    used 2513K, capacity 2668K, committed 2688K, reserved 516096K
}
Event: 3.002 GC heap after
{Heap after GC invocations=3 (full 0):
 garbage-first heap   total 129024K, used 17569K [0x0000000080000000, 0x0000000100000000)
  region size 1024K, 1 young (1024K), 1 survivors (1024K)
 Metaspace       used 20533K, capacity 21114K, committed 21296K, reserved 536576K
  class space    used 2513K, capacity 2668K, committed 2688K, reserved 516096K
}
Event: 3.599 GC heap before
{Heap before GC invocations=4 (full 0):
 garbage-first heap   total 129024K, used 76961K [0x0000000080000000, 0x0000000100000000)
  region size 1024K, 59 young (60416K), 1 survivors (1024K)
 Metaspace       used 26403K, capacity 27119K, committed 27184K, reserved 540672K
  class space    used 3467K, capacity 3703K, committed 3712K, reserved 516096K
}
Event: 3.603 GC heap after
{Heap after GC invocations=5 (full 0):
 garbage-first heap   total 129024K, used 19601K [0x0000000080000000, 0x0000000100000000)
  region size 1024K, 3 young (3072K), 3 survivors (3072K)
 Metaspace       used 26403K, capacity 27119K, committed 27184K, reserved 540672K
  class space    used 3467K, capacity 3703K, committed 3712K, reserved 516096K
}

Deoptimization events (10 events):
Event: 3.048 Thread 0x000001fced923800 Uncommon trap: reason=unstable_if action=reinterpret pc=0x000001fcdcb67390 method=jdk.internal.org.objectweb.asm.Type.getArgumentsAndReturnSizes(Ljava/lang/String;)I @ 88 c2
Event: 3.231 Thread 0x000001fced923800 Uncommon trap: reason=unstable_if action=reinterpret pc=0x000001fcdcacfbdc method=java.util.concurrent.ConcurrentHashMap.get(Ljava/lang/Object;)Ljava/lang/Object; @ 76 c2
Event: 3.484 Thread 0x000001fced923800 Uncommon trap: reason=predicate action=maybe_recompile pc=0x000001fcdcb953f0 method=com.google.common.base.CharMatcher.indexIn(Ljava/lang/CharSequence;I)I @ 19 c2
Event: 3.887 Thread 0x000001fced923800 Uncommon trap: reason=unstable_if action=reinterpret pc=0x000001fcdcb667ac method=java.util.HashMap.hash(Ljava/lang/Object;)I @ 1 c2
Event: 3.888 Thread 0x000001fced923800 Uncommon trap: reason=unstable_if action=reinterpret pc=0x000001fcdcb5d2ac method=java.util.HashMap.hash(Ljava/lang/Object;)I @ 1 c2
Event: 3.961 Thread 0x000001fced923800 Uncommon trap: reason=unstable_if action=reinterpret pc=0x000001fcdcbbfd64 method=java.util.regex.Pattern$BmpCharProperty.match(Ljava/util/regex/Matcher;ILjava/lang/CharSequence;)Z @ 39 c2
Event: 4.382 Thread 0x000001fced923800 Uncommon trap: reason=unstable_if action=reinterpret pc=0x000001fcdcb84ed0 method=java.util.HashMap.putVal(ILjava/lang/Object;Ljava/lang/Object;ZZ)Ljava/lang/Object; @ 162 c2
Event: 4.652 Thread 0x000001fced923800 Uncommon trap: reason=unstable_if action=reinterpret pc=0x000001fcdcaf9d4c method=java.util.Properties$LineReader.readLine()I @ 95 c2
Event: 4.681 Thread 0x000001fced923800 Uncommon trap: reason=bimorphic_or_optimized_type_check action=maybe_recompile pc=0x000001fcdcaee084 method=java.util.Properties$LineReader.readLine()I @ 70 c2
Event: 4.684 Thread 0x000001fced923800 Uncommon trap: reason=unstable_if action=reinterpret pc=0x000001fcdcb7d630 method=jdk.internal.loader.BuiltinClassLoader.loadClassOrNull(Ljava/lang/String;Z)Ljava/lang/Class; @ 42 c2

Classes redefined (0 events):
No events

Internal exceptions (10 events):
Event: 3.971 Thread 0x000001fced923800 Exception <a 'java/lang/NoSuchMethodError'{0x0000000086734ca0}: java.lang.invoke.Invokers$Holder.linkToTargetMethod(Ljava/lang/Object;Ljava/lang/Object;Ljava/lang/Object;Ljava/lang/Object;Ljava/lang/Object;Ljava/lang/Object;Ljava/lang/Object;Ljava/lang/Ob
Event: 3.979 Thread 0x000001fced923800 Exception <a 'java/lang/NoSuchMethodError'{0x00000000867e47a8}: java.lang.invoke.DirectMethodHandle$Holder.invokeSpecial(Ljava/lang/Object;Ljava/lang/Object;Ljava/lang/Object;Ljava/lang/Object;Ljava/lang/Object;Ljava/lang/Object;Ljava/lang/Object;Ljava/la
Event: 3.980 Thread 0x000001fced923800 Exception <a 'java/lang/NoSuchMethodError'{0x00000000867f60c8}: java.lang.invoke.Invokers$Holder.linkToTargetMethod(Ljava/lang/Object;Ljava/lang/Object;Ljava/lang/Object;Ljava/lang/Object;Ljava/lang/Object;Ljava/lang/Object;Ljava/lang/Object;Ljava/lang/Ob
Event: 3.999 Thread 0x000001fced923800 Exception <a 'java/lang/NoSuchMethodError'{0x00000000866f1008}: java.lang.invoke.DirectMethodHandle$Holder.invokeStaticInit(Ljava/lang/Object;Ljava/lang/Object;Ljava/lang/Object;Ljava/lang/Object;)Ljava/lang/Object;> (0x00000000866f1008) thrown at [./open
Event: 4.213 Thread 0x000001fced923800 Exception <a 'java/lang/NoSuchMethodError'{0x0000000085c73fc8}: java.lang.invoke.Invokers$Holder.linkToTargetMethod(Ljava/lang/Object;Ljava/lang/Object;Ljava/lang/Object;Ljava/lang/Object;Ljava/lang/Object;Ljava/lang/Object;Ljava/lang/Object;Ljava/lang/Ob
Event: 4.230 Thread 0x000001fced923800 Exception <a 'java/lang/IncompatibleClassChangeError'{0x0000000085b0a360}: Found class java.lang.Object, but interface was expected> (0x0000000085b0a360) thrown at [./open/src/hotspot/share/interpreter/linkResolver.cpp, line 838]
Event: 4.538 Thread 0x000001fced923800 Exception <a 'java/lang/NoSuchMethodError'{0x00000000849f63a0}: java.lang.invoke.DirectMethodHandle$Holder.invokeStaticInit(Ljava/lang/Object;Ljava/lang/Object;Ljava/lang/Object;)V> (0x00000000849f63a0) thrown at [./open/src/hotspot/share/interpreter/link
Event: 4.539 Thread 0x000001fced923800 Exception <a 'java/lang/NoSuchMethodError'{0x00000000849fd5f0}: java.lang.invoke.DirectMethodHandle$Holder.invokeStaticInit(Ljava/lang/Object;Ljava/lang/Object;Ljava/lang/Object;Ljava/lang/Object;)V> (0x00000000849fd5f0) thrown at [./open/src/hotspot/shar
Event: 4.543 Thread 0x000001fced923800 Exception <a 'java/lang/NoSuchMethodError'{0x000000008481f508}: java.lang.invoke.DirectMethodHandle$Holder.invokeStaticInit(Ljava/lang/Object;Ljava/lang/Object;Ljava/lang/Object;Ljava/lang/Object;Ljava/lang/Object;)V> (0x000000008481f508) thrown at [./ope
Event: 4.579 Thread 0x000001fced923800 Exception <a 'java/lang/NoSuchMethodError'{0x0000000084880b90}: java.lang.invoke.DirectMethodHandle$Holder.invokeStaticInit(Ljava/lang/Object;Ljava/lang/Object;Ljava/lang/Object;Ljava/lang/Object;)I> (0x0000000084880b90) thrown at [./open/src/hotspot/shar

Events (10 events):
Event: 4.789 loading class groovy/lang/ExpandoMetaClass$Callable
Event: 4.789 loading class groovy/lang/ExpandoMetaClass$Callable done
Event: 4.790 loading class org/codehaus/groovy/runtime/metaclass/MixinInstanceMetaMethod
Event: 4.790 loading class org/codehaus/groovy/runtime/metaclass/MixinInstanceMetaMethod done
Event: 4.792 loading class org/codehaus/groovy/reflection/CachedClass$2
Event: 4.792 loading class org/codehaus/groovy/reflection/CachedClass$2 done
Event: 4.792 loading class org/codehaus/groovy/reflection/CachedConstructor
Event: 4.792 loading class org/codehaus/groovy/reflection/CachedConstructor done
Event: 4.792 loading class org/codehaus/groovy/reflection/CachedConstructor
Event: 4.792 loading class org/codehaus/groovy/reflection/CachedConstructor done


Dynamic libraries:
0x00007ff697d20000 - 0x00007ff697d2f000 	C:\Program Files\Java\jdk-11.0.15\bin\java.exe
0x00007ff8f00f0000 - 0x00007ff8f02e8000 	C:\WINDOWS\SYSTEM32\ntdll.dll
0x00007ff8ef590000 - 0x00007ff8ef64f000 	C:\WINDOWS\System32\KERNEL32.DLL
0x00007ff8ede50000 - 0x00007ff8ee146000 	C:\WINDOWS\System32\KERNELBASE.dll
0x00007ff8edd50000 - 0x00007ff8ede50000 	C:\WINDOWS\System32\ucrtbase.dll
0x00007ff8e50c0000 - 0x00007ff8e50d8000 	C:\Program Files\Java\jdk-11.0.15\bin\jli.dll
0x00007ff8da0d0000 - 0x00007ff8da0e5000 	C:\Program Files\Java\jdk-11.0.15\bin\VCRUNTIME140.dll
0x00007ff8ef660000 - 0x00007ff8ef70f000 	C:\WINDOWS\System32\ADVAPI32.dll
0x00007ff8eebd0000 - 0x00007ff8eec6e000 	C:\WINDOWS\System32\msvcrt.dll
0x00007ff8f0010000 - 0x00007ff8f00ac000 	C:\WINDOWS\System32\sechost.dll
0x00007ff8ef460000 - 0x00007ff8ef586000 	C:\WINDOWS\System32\RPCRT4.dll
0x00007ff8ef200000 - 0x00007ff8ef39d000 	C:\WINDOWS\System32\USER32.dll
0x00007ff8ed820000 - 0x00007ff8ed842000 	C:\WINDOWS\System32\win32u.dll
0x00007ff8dc5f0000 - 0x00007ff8dc88a000 	C:\WINDOWS\WinSxS\amd64_microsoft.windows.common-controls_6595b64144ccf1df_6.0.19041.1110_none_60b5254171f9507e\COMCTL32.dll
0x00007ff8efe60000 - 0x00007ff8efe8c000 	C:\WINDOWS\System32\GDI32.dll
0x00007ff8ed850000 - 0x00007ff8ed965000 	C:\WINDOWS\System32\gdi32full.dll
0x00007ff8eda90000 - 0x00007ff8edb2d000 	C:\WINDOWS\System32\msvcp_win.dll
0x00007ff8e7420000 - 0x00007ff8e742a000 	C:\WINDOWS\SYSTEM32\VERSION.dll
0x00007ff8ee1e0000 - 0x00007ff8ee210000 	C:\WINDOWS\System32\IMM32.DLL
0x00007ff8af600000 - 0x00007ff8af69b000 	C:\Program Files\Java\jdk-11.0.15\bin\msvcp140.dll
0x00007ff899e50000 - 0x00007ff89a966000 	C:\Program Files\Java\jdk-11.0.15\bin\server\jvm.dll
0x00007ff8ee170000 - 0x00007ff8ee178000 	C:\WINDOWS\System32\PSAPI.DLL
0x00007ff8e0560000 - 0x00007ff8e0587000 	C:\WINDOWS\SYSTEM32\WINMM.dll
0x00007ff8e1b00000 - 0x00007ff8e1b09000 	C:\WINDOWS\SYSTEM32\WSOCK32.dll
0x00007ff8ef0b0000 - 0x00007ff8ef11b000 	C:\WINDOWS\System32\WS2_32.dll
0x00007ff8ec2b0000 - 0x00007ff8ec2c2000 	C:\WINDOWS\SYSTEM32\kernel.appcore.dll
0x00007ff8e07e0000 - 0x00007ff8e07f0000 	C:\Program Files\Java\jdk-11.0.15\bin\verify.dll
0x00007ff8ebd30000 - 0x00007ff8ebf14000 	C:\WINDOWS\SYSTEM32\DBGHELP.DLL
0x00007ff8e6120000 - 0x00007ff8e6154000 	C:\WINDOWS\SYSTEM32\dbgcore.DLL
0x00007ff8edb60000 - 0x00007ff8edbe2000 	C:\WINDOWS\System32\bcryptPrimitives.dll
0x00007ff8d3840000 - 0x00007ff8d3868000 	C:\Program Files\Java\jdk-11.0.15\bin\java.dll
0x00007ff8df130000 - 0x00007ff8df13a000 	C:\Program Files\Java\jdk-11.0.15\bin\jimage.dll
0x00007ff8d74e0000 - 0x00007ff8d74f6000 	C:\Program Files\Java\jdk-11.0.15\bin\zip.dll
0x00007ff8ef710000 - 0x00007ff8efe54000 	C:\WINDOWS\System32\SHELL32.dll
0x00007ff8eb4c0000 - 0x00007ff8ebc54000 	C:\WINDOWS\SYSTEM32\windows.storage.dll
0x00007ff8ee810000 - 0x00007ff8eeb64000 	C:\WINDOWS\System32\combase.dll
0x00007ff8ed140000 - 0x00007ff8ed16e000 	C:\WINDOWS\SYSTEM32\Wldp.dll
0x00007ff8efe90000 - 0x00007ff8eff3d000 	C:\WINDOWS\System32\SHCORE.dll
0x00007ff8eeb70000 - 0x00007ff8eebc5000 	C:\WINDOWS\System32\shlwapi.dll
0x00007ff8ed700000 - 0x00007ff8ed725000 	C:\WINDOWS\SYSTEM32\profapi.dll
0x00007ff8d6aa0000 - 0x00007ff8d6ab9000 	C:\Program Files\Java\jdk-11.0.15\bin\net.dll
0x00007ff8e5280000 - 0x00007ff8e538a000 	C:\WINDOWS\SYSTEM32\WINHTTP.dll
0x00007ff8ecea0000 - 0x00007ff8ecf0a000 	C:\WINDOWS\system32\mswsock.dll
0x00007ff8d39c0000 - 0x00007ff8d39d2000 	C:\Program Files\Java\jdk-11.0.15\bin\nio.dll
0x00007ff8d3550000 - 0x00007ff8d3577000 	C:\Users\eitan\.gradle\native\e1d6ef7f7dcc3fd88c89a11ec53ec762bb8ba0a96d01ffa2cd45eb1d1d8dd5c5\windows-amd64\native-platform.dll
0x00007ff8adb20000 - 0x00007ff8adc64000 	C:\Users\eitan\.gradle\native\0d407fdbe67a94daf76414ababcb853783967236a71b16ec16e742cd7a986fd3\windows-amd64\native-platform-file-events.dll
0x00007ff8dd910000 - 0x00007ff8dd919000 	C:\Program Files\Java\jdk-11.0.15\bin\management.dll
0x00007ff8dd370000 - 0x00007ff8dd37b000 	C:\Program Files\Java\jdk-11.0.15\bin\management_ext.dll
0x00007ff8ed090000 - 0x00007ff8ed0a8000 	C:\WINDOWS\SYSTEM32\CRYPTSP.dll
0x00007ff8ec7c0000 - 0x00007ff8ec7f4000 	C:\WINDOWS\system32\rsaenh.dll
0x00007ff8edb30000 - 0x00007ff8edb57000 	C:\WINDOWS\System32\bcrypt.dll
0x00007ff8ed680000 - 0x00007ff8ed6ae000 	C:\WINDOWS\SYSTEM32\USERENV.dll
0x00007ff8ed0b0000 - 0x00007ff8ed0bc000 	C:\WINDOWS\SYSTEM32\CRYPTBASE.dll
0x00007ff8ecb90000 - 0x00007ff8ecbcc000 	C:\WINDOWS\SYSTEM32\IPHLPAPI.DLL
0x00007ff8ef650000 - 0x00007ff8ef658000 	C:\WINDOWS\System32\NSI.dll
0x00007ff8e66b0000 - 0x00007ff8e66c7000 	C:\WINDOWS\SYSTEM32\dhcpcsvc6.DLL
0x00007ff8e6690000 - 0x00007ff8e66ad000 	C:\WINDOWS\SYSTEM32\dhcpcsvc.DLL
0x00007ff8ecbd0000 - 0x00007ff8ecc9a000 	C:\WINDOWS\SYSTEM32\DNSAPI.dll

dbghelp: loaded successfully - version: 4.0.5 - missing functions: none
symbol engine: initialized successfully - sym options: 0x614 - pdb path: .;C:\Program Files\Java\jdk-11.0.15\bin;C:\WINDOWS\SYSTEM32;C:\WINDOWS\WinSxS\amd64_microsoft.windows.common-controls_6595b64144ccf1df_6.0.19041.1110_none_60b5254171f9507e;C:\Program Files\Java\jdk-11.0.15\bin\server;C:\Users\eitan\.gradle\native\e1d6ef7f7dcc3fd88c89a11ec53ec762bb8ba0a96d01ffa2cd45eb1d1d8dd5c5\windows-amd64;C:\Users\eitan\.gradle\native\0d407fdbe67a94daf76414ababcb853783967236a71b16ec16e742cd7a986fd3\windows-amd64

VM Arguments:
jvm_args: -XX:MaxMetaspaceSize=512m --add-opens=java.base/java.util=ALL-UNNAMED --add-opens=java.base/java.lang=ALL-UNNAMED --add-opens=java.base/java.lang.invoke=ALL-UNNAMED --add-opens=java.base/java.util=ALL-UNNAMED --add-opens=java.prefs/java.util.prefs=ALL-UNNAMED --add-opens=java.prefs/java.util.prefs=ALL-UNNAMED --add-opens=java.base/java.nio.charset=ALL-UNNAMED --add-opens=java.base/java.net=ALL-UNNAMED --add-opens=java.base/java.util.concurrent.atomic=ALL-UNNAMED -Xmx2048m -Dfile.encoding=windows-1255 -Duser.country=IL -Duser.language=iw -Duser.variant 
java_command: org.gradle.launcher.daemon.bootstrap.GradleDaemon 7.5.1
java_class_path (initial): C:\Users\eitan\.gradle\wrapper\dists\gradle-7.5.1-all\1ehga6e77gqps5uk2kc5kf1vc\gradle-7.5.1\lib\gradle-launcher-7.5.1.jar
Launcher Type: SUN_STANDARD

[Global flags]
     intx CICompilerCount                          = 4                                         {product} {ergonomic}
   size_t CompressedClassSpaceSize                 = 528482304                                 {product} {ergonomic}
     uint ConcGCThreads                            = 2                                         {product} {ergonomic}
     uint G1ConcRefinementThreads                  = 8                                         {product} {ergonomic}
   size_t G1HeapRegionSize                         = 1048576                                   {product} {ergonomic}
    uintx GCDrainStackTargetSize                   = 64                                        {product} {ergonomic}
   size_t InitialHeapSize                          = 132120576                                 {product} {ergonomic}
   size_t MarkStackSize                            = 4194304                                   {product} {ergonomic}
   size_t MaxHeapSize                              = 2147483648                                {product} {command line}
   size_t MaxMetaspaceSize                         = 536870912                                 {product} {command line}
   size_t MaxNewSize                               = 1287651328                                {product} {ergonomic}
   size_t MinHeapDeltaBytes                        = 1048576                                   {product} {ergonomic}
    uintx NonNMethodCodeHeapSize                   = 5836300                                {pd product} {ergonomic}
    uintx NonProfiledCodeHeapSize                  = 122910970                              {pd product} {ergonomic}
    uintx ProfiledCodeHeapSize                     = 122910970                              {pd product} {ergonomic}
    uintx ReservedCodeCacheSize                    = 251658240                              {pd product} {ergonomic}
     bool SegmentedCodeCache                       = true                                      {product} {ergonomic}
     bool UseCompressedClassPointers               = true                                 {lp64_product} {ergonomic}
     bool UseCompressedOops                        = true                                 {lp64_product} {ergonomic}
     bool UseG1GC                                  = true                                      {product} {ergonomic}
     bool UseLargePagesIndividualAllocation        = false                                  {pd product} {ergonomic}

Logging:
Log output configuration:
 #0: stdout all=warning uptime,level,tags
 #1: stderr all=off uptime,level,tags

Environment Variables:
JAVA_HOME=C:\Program Files\Java\jdk-11.0.15
CLASSPATH=C:\Users\eitan\Desktop\final_project\RideWithMe\android\\gradle\wrapper\gradle-wrapper.jar
PATH=C:\Users\eitan\Desktop\final_project\RideWithMe\android\node_modules\.bin;C:\Users\eitan\Desktop\final_project\RideWithMe\node_modules\.bin;C:\Users\eitan\Desktop\final_project\node_modules\.bin;C:\Users\eitan\Desktop\node_modules\.bin;C:\Users\eitan\node_modules\.bin;C:\Users\node_modules\.bin;C:\node_modules\.bin;C:\Program Files\nodejs;C:\Users\eitan\Desktop\final_project\RideWithMe\node_modules\.bin;C:\Users\eitan\Desktop\final_project\RideWithMe\node_modules\.bin;C:\Users\eitan\Desktop\final_project\node_modules\.bin;C:\Users\eitan\Desktop\node_modules\.bin;C:\Users\eitan\node_modules\.bin;C:\Users\node_modules\.bin;C:\node_modules\.bin;C:\Users\eitan\AppData\Roaming\npm\node_modules\npm\node_modules\@npmcli\run-script\lib\node-gyp-bin;C:\Users\eitan\Desktop\final_project\RideWithMe\node_modules\.bin;C:\Users\eitan\Desktop\final_project\node_modules\.bin;C:\Users\eitan\Desktop\node_modules\.bin;C:\Users\eitan\node_modules\.bin;C:\Users\node_modules\.bin;C:\node_modules\.bin;C:\Program Files\nodejs;C:\Users\eitan\Desktop\final_project\RideWithMe\node_modules\.bin;C:\Users\eitan\Desktop\final_project\RideWithMe\node_modules\.bin;C:\Users\eitan\Desktop\final_project\node_modules\.bin;C:\Users\eitan\Desktop\node_modules\.bin;C:\Users\eitan\node_modules\.bin;C:\Users\node_modules\.bin;C:\node_modules\.bin;C:\Users\eitan\AppData\Roaming\npm\node_modules\npm\node_modules\@npmcli\run-script\lib\node-gyp-bin;C:\Program Files\Common Files\Oracle\Java\javapath;C:\Program Files (x86)\Common Files\Oracle\Java\javapath;C:\WINDOWS\system32;C:\WINDOWS;C:\WINDOWS\System32\Wbem;C:\WINDOWS\System32\WindowsPowerShell\v1.0\;C:\WINDOWS\System32\OpenSSH\;C:\Program Files\Git\cmd;C:\Users\איתן שנקולבסקי\AppData\Local\Programs\Python\Python39\;C:\Users\איתן שנקולבסקי\Python\Python39\Scripts;C:\Users\eitan\Python\Python39;C:\Program Files\dotnet\;C:\Program Files\MongoDB\Server\5.0\bin;C:\Program Files\nodejs\;C:\Users\eitan\AppData\Local\Android\platform-tools;C:\Users\eitan\AppData\
USERNAME=eitan
OS=Windows_NT
PROCESSOR_IDENTIFIER=Intel64 Family 6 Model 126 Stepping 5, GenuineIntel



---------------  S Y S T E M  ---------------

OS: Windows 10 , 64 bit Build 19041 (10.0.19041.3155)

CPU:total 8 (initial active 8) (4 cores per cpu, 2 threads per core) family 6 model 126 stepping 5 microcode 0xb8, cmov, cx8, fxsr, mmx, sse, sse2, sse3, ssse3, sse4.1, sse4.2, popcnt, avx, avx2, aes, clmul, erms, 3dnowpref, lzcnt, ht, tsc, tscinvbit, bmi1, bmi2, adx, evex, sha, fma

Memory: 4k page, system-wide physical 7959M (408M free)
TotalPageFile size 32535M (AvailPageFile size 29M)
current process WorkingSet (physical memory assigned to process): 250M, peak: 250M
current process commit charge ("private bytes"): 319M, peak: 319M

vm_info: Java HotSpot(TM) 64-Bit Server VM (11.0.15+8-LTS-149) for windows-amd64 JRE (11.0.15+8-LTS-149), built on Mar  9 2022 22:42:32 by "mach5one" with MS VC++ 15.9 (VS2017)

END.
